
Showing logs for build [32mcb-kubecd-bdd-gh-1587144839-pr-6q2x6-1[0m stage [32mfrom-build-pack[0m and container [32mstep-credential-initializer-lnr96[0m
{"level":"warn","ts":1587145338.7957144,"logger":"fallback-logger","caller":"logging/config.go:69","msg":"Fetch GitHub commit ID from kodata failed: \"ref: refs/heads/0.8.0-**-support-backwards-incompats\" is not a valid GitHub commit ID"}
{"level":"info","ts":1587145338.7962828,"logger":"fallback-logger","caller":"creds-init/main.go:40","msg":"Credentials initialized."}

Showing logs for build [32mcb-kubecd-bdd-gh-1587144839-pr-6q2x6-1[0m stage [32mfrom-build-pack[0m and container [32mstep-working-dir-initializer-2qxh6[0m
{"level":"warn","ts":1587145339.8944206,"logger":"fallback-logger","caller":"logging/config.go:69","msg":"Fetch GitHub commit ID from kodata failed: open /var/run/ko/HEAD: no such file or directory"}
{"level":"info","ts":1587145339.8988457,"logger":"fallback-logger","caller":"bash/main.go:64","msg":"Successfully executed command \"sh -c mkdir -p /workspace/source\"; output "}

Showing logs for build [32mcb-kubecd-bdd-gh-1587144839-pr-6q2x6-1[0m stage [32mfrom-build-pack[0m and container [32mstep-place-tools[0m

Showing logs for build [32mcb-kubecd-bdd-gh-1587144839-pr-6q2x6-1[0m stage [32mfrom-build-pack[0m and container [32mstep-git-source-cb-kubecd-bdd-gh-1587144839-pr-6q2x6-qtbtp[0m
{"level":"warn","ts":1587145346.066306,"logger":"fallback-logger","caller":"logging/config.go:69","msg":"Fetch GitHub commit ID from kodata failed: \"ref: refs/heads/0.8.0-**-support-backwards-incompats\" is not a valid GitHub commit ID"}
{"level":"info","ts":1587145347.1484377,"logger":"fallback-logger","caller":"git/git.go:103","msg":"Successfully cloned https://github.com/cb-kubecd/bdd-gh-1587144839.git @ master in path /workspace/source"}

Showing logs for build [32mcb-kubecd-bdd-gh-1587144839-pr-6q2x6-1[0m stage [32mfrom-build-pack[0m and container [32mstep-git-merge[0m
Using SHAs from PULL_REFS=master:65d82dc91d6348377be21a80262e46fcf9858ea8,1:a0ffc30dd0becfcde067fce656e0476e9ad942b5
DEBUG: LC_ALL=C JX_LOG_LEVEL=error git fetch origin --unshallow a0ffc30dd0becfcde067fce656e0476e9ad942b5: 65d82dc91d6348377be21a80262e46fcf9858ea8:
DEBUG: ran git fetch --unshallow origin a0ffc30dd0becfcde067fce656e0476e9ad942b5: 65d82dc91d6348377be21a80262e46fcf9858ea8: in 
DEBUG: LC_ALL=C JX_LOG_LEVEL=error git branch
DEBUG: LC_ALL=C JX_LOG_LEVEL=error git checkout master
DEBUG: ran git checkout master in 
DEBUG: LC_ALL=C JX_LOG_LEVEL=error git reset --hard 65d82dc91d6348377be21a80262e46fcf9858ea8
DEBUG: ran git reset --hard 65d82dc91d6348377be21a80262e46fcf9858ea8 in 
DEBUG: LC_ALL=C JX_LOG_LEVEL=error git clean -fd .
DEBUG: ran clean --force -d . in 
DEBUG: LC_ALL=C JX_LOG_LEVEL=error git merge a0ffc30dd0becfcde067fce656e0476e9ad942b5
DEBUG: ran git merge a0ffc30dd0becfcde067fce656e0476e9ad942b5 in 
DEBUG: LC_ALL=C JX_LOG_LEVEL=error git log --format=%H%x1f%an%x1f%ae%x1f%cn%x1f%ce%x1f%s%n%b%x1e 65d82dc91d6348377be21a80262e46fcf9858ea8..HEAD
Merged SHA a0ffc30dd0becfcde067fce656e0476e9ad942b5 with commit message 'My first PR commit' into base branch master

Showing logs for build [32mcb-kubecd-bdd-gh-1587144839-pr-6q2x6-1[0m stage [32mfrom-build-pack[0m and container [32mstep-build-make-linux[0m
CGO_ENABLED=0 GOOS=linux GOARCH=amd64 GO15VENDOREXPERIMENT=1 go build -ldflags '' -o bin/bdd-gh-1587144839 main.go

Showing logs for build [32mcb-kubecd-bdd-gh-1587144839-pr-6q2x6-1[0m stage [32mfrom-build-pack[0m and container [32mstep-build-container-build[0m
ERROR: logging before flag.Parse: E0417 17:42:34.898021      11 metadata.go:241] Failed to unmarshal scopes: invalid character 'h' looking for beginning of value
[36mINFO[0m[0000] No base image, nothing to extract            
[36mINFO[0m[0000] cmd: EXPOSE                                  
[36mINFO[0m[0000] Adding exposed port: 8080/tcp                
[36mINFO[0m[0000] Using files from context: [/workspace/source/bin] 
[36mINFO[0m[0000] Skipping unpacking as no commands require it. 
[36mINFO[0m[0000] Taking snapshot of full filesystem...        
[36mINFO[0m[0000] EXPOSE 8080                                  
[36mINFO[0m[0000] cmd: EXPOSE                                  
[36mINFO[0m[0000] Adding exposed port: 8080/tcp                
[36mINFO[0m[0000] No files changed in this command, skipping snapshotting. 
[36mINFO[0m[0000] ENTRYPOINT ["/bdd-gh-1587144839"]            
[36mINFO[0m[0000] No files changed in this command, skipping snapshotting. 
[36mINFO[0m[0000] Using files from context: [/workspace/source/bin] 
[36mINFO[0m[0000] COPY ./bin/ /                                
[36mINFO[0m[0000] Taking snapshot of files...                  
2020/04/17 17:42:38 pushed blob: sha256:165706b86c8f045bac082ede645c100d5d00fdcdfc6d8dc13d4d3e3e751e994a
2020/04/17 17:42:39 pushed blob: sha256:e65da34f0e3c03460776830c2a4f1055006a3175095d438f646ba4ff5f8b9963
2020/04/17 17:42:40 gcr.io/jenkins-x-labs-bdd/bdd-gh-1587144839:0.0.0-SNAPSHOT-PR-1-1: digest: sha256:67e80ea14eba1e036fb81e70f25dd10eae83395e9e2991ec6a310cae40b70022 size: 428

Showing logs for build [32mcb-kubecd-bdd-gh-1587144839-pr-6q2x6-1[0m stage [32mfrom-build-pack[0m and container [32mstep-postbuild-post-build[0m
no CVE provider running in the current ** namespace so skip adding image to be analysed

Showing logs for build [32mcb-kubecd-bdd-gh-1587144839-pr-6q2x6-1[0m stage [32mfrom-build-pack[0m and container [32mstep-promote-make-preview[0m
sed -i -e "s/version:.*/version: 0.0.0-SNAPSHOT-PR-1-1/" Chart.yaml
sed -i -e "s/version:.*/version: 0.0.0-SNAPSHOT-PR-1-1/" ../*/Chart.yaml
sed -i -e "s|repository:.*|repository: gcr.io\/jenkins-x-labs-bdd\/bdd-gh-1587144839|" values.yaml
sed -i -e "s/tag:.*/tag: 0.0.0-SNAPSHOT-PR-1-1/" values.yaml
echo "  version: 0.0.0-SNAPSHOT-PR-1-1" >> requirements.yaml
** step helm build
WARNING: No $CHART_REPOSITORY defined so using the default value of: http://jenkins-x-chartmuseum:8080
Adding missing Helm repo: storage.googleapis.com https://storage.googleapis.com/chartmuseum.jenkins-x.io
Successfully added Helm repository storage.googleapis.com.
Adding missing Helm repo: jenkins-x-chartmuseum http://jenkins-x-chartmuseum:8080
Successfully added Helm repository jenkins-x-chartmuseum.
WARNING: No $CHART_REPOSITORY defined so using the default value of: http://jenkins-x-chartmuseum:8080

Showing logs for build [32mcb-kubecd-bdd-gh-1587144839-pr-6q2x6-1[0m stage [32mfrom-build-pack[0m and container [32mstep-promote-jx-preview[0m
Creating a preview
Created environment cb-kubecd-bdd-gh-1587144839-pr-1
Namespace **-cb-kubecd-bdd-gh-1587144839-pr-1 created 
expose:
  Annotations:
    helm.sh/hook: post-install,post-upgrade
    helm.sh/hook-delete-policy: hook-succeeded
  config:
    domain: 34.76.18.137.nip.io
    exposer: Ingress
    http: "true"
preview:
  image:
    repository: gcr.io/jenkins-x-labs-bdd/bdd-gh-1587144839
    tag: 0.0.0-SNAPSHOT-PR-1-1
adding helm values file /workspace/source/charts/preview/**Requirements.values.yaml for namespace **-cb-kubecd-bdd-gh-1587144839-pr-1
Updating PipelineActivities cb-kubecd-bdd-gh-1587144839-pr-1-1 which has status Running
Preview application is now available at: http://bdd-gh-1587144839-**-cb-kubecd-bdd-gh-1587144839-pr-1.34.76.18.137.nip.io
